[INFO] [2016-05-07 16:57:04][org.springframework.beans.factory.xml.XmlBeanDefinitionReader]Loading XML bean definitions from class path resource [spring-mybatis.xml]
[INFO] [2016-05-07 16:57:05][org.springframework.context.support.GenericApplicationContext]Refreshing org.springframework.context.support.GenericApplicationContext@1d057a39: startup date [Sat May 07 16:57:05 CST 2016]; root of context hierarchy
[WARN] [2016-05-07 16:57:05][org.mybatis.spring.mapper.ClassPathMapperScanner]No MyBatis mapper was found in '[com.cn.hnust.dao]' package. Please check your configuration.
[INFO] [2016-05-07 16:57:05][org.springframework.beans.factory.config.PropertyPlaceholderConfigurer]Loading properties file from class path resource [jdbc.properties]
[INFO] [2016-05-07 16:57:05][org.springframework.beans.factory.annotation.AutowiredAnnotationBeanPostProcessor]JSR-330 'javax.inject.Inject' annotation found and supported for autowiring
[ERROR] [2016-05-07 16:57:05][org.springframework.test.context.TestContextManager]Caught exception while allowing TestExecutionListener [org.springframework.test.context.support.DependencyInjectionTestExecutionListener@7c729a55] to prepare test instance [com.cuit.mvnssm.TestMyBatis@3bb9a3ff]
java.lang.IllegalStateException: Failed to load ApplicationContext
	at org.springframework.test.context.CacheAwareContextLoaderDelegate.loadContext(CacheAwareContextLoaderDelegate.java:99)
	at org.springframework.test.context.DefaultTestContext.getApplicationContext(DefaultTestContext.java:101)
	at org.springframework.test.context.support.DependencyInjectionTestExecutionListener.injectDependencies(DependencyInjectionTestExecutionListener.java:109)
	at org.springframework.test.context.support.DependencyInjectionTestExecutionListener.prepareTestInstance(DependencyInjectionTestExecutionListener.java:75)
	at org.springframework.test.context.TestContextManager.prepareTestInstance(TestContextManager.java:319)
	at org.springframework.test.context.junit4.SpringJUnit4ClassRunner.createTest(SpringJUnit4ClassRunner.java:212)
	at org.springframework.test.context.junit4.SpringJUnit4ClassRunner$1.runReflectiveCall(SpringJUnit4ClassRunner.java:289)
	at org.junit.internal.runners.model.ReflectiveCallable.run(ReflectiveCallable.java:12)
	at org.springframework.test.context.junit4.SpringJUnit4ClassRunner.methodBlock(SpringJUnit4ClassRunner.java:291)
	at org.springframework.test.context.junit4.SpringJUnit4ClassRunner.runChild(SpringJUnit4ClassRunner.java:232)
	at org.springframework.test.context.junit4.SpringJUnit4ClassRunner.runChild(SpringJUnit4ClassRunner.java:89)
	at org.junit.runners.ParentRunner$3.run(ParentRunner.java:238)
	at org.junit.runners.ParentRunner$1.schedule(ParentRunner.java:63)
	at org.junit.runners.ParentRunner.runChildren(ParentRunner.java:236)
	at org.junit.runners.ParentRunner.access$000(ParentRunner.java:53)
	at org.junit.runners.ParentRunner$2.evaluate(ParentRunner.java:229)
	at org.springframework.test.context.junit4.statements.RunBeforeTestClassCallbacks.evaluate(RunBeforeTestClassCallbacks.java:61)
	at org.springframework.test.context.junit4.statements.RunAfterTestClassCallbacks.evaluate(RunAfterTestClassCallbacks.java:71)
	at org.junit.runners.ParentRunner.run(ParentRunner.java:309)
	at org.springframework.test.context.junit4.SpringJUnit4ClassRunner.run(SpringJUnit4ClassRunner.java:175)
	at org.apache.maven.surefire.junit4.JUnit4Provider.execute(JUnit4Provider.java:252)
	at org.apache.maven.surefire.junit4.JUnit4Provider.executeTestSet(JUnit4Provider.java:141)
	at org.apache.maven.surefire.junit4.JUnit4Provider.invoke(JUnit4Provider.java:112)
	at sun.reflect.NativeMethodAccessorImpl.invoke0(Native Method)
	at sun.reflect.NativeMethodAccessorImpl.invoke(NativeMethodAccessorImpl.java:62)
	at sun.reflect.DelegatingMethodAccessorImpl.invoke(DelegatingMethodAccessorImpl.java:43)
	at java.lang.reflect.Method.invoke(Method.java:497)
	at org.apache.maven.surefire.util.ReflectionUtils.invokeMethodWithArray(ReflectionUtils.java:189)
	at org.apache.maven.surefire.booter.ProviderFactory$ProviderProxy.invoke(ProviderFactory.java:165)
	at org.apache.maven.surefire.booter.ProviderFactory.invokeProvider(ProviderFactory.java:85)
	at org.apache.maven.surefire.booter.ForkedBooter.runSuitesInProcess(ForkedBooter.java:115)
	at org.apache.maven.surefire.booter.ForkedBooter.main(ForkedBooter.java:75)
Caused by: org.springframework.beans.factory.BeanCreationException: Error creating bean with name 'sqlSessionFactory' defined in class path resource [spring-mybatis.xml]: Initialization of bean failed; nested exception is org.springframework.beans.TypeMismatchException: Failed to convert property value of type 'java.lang.String' to required type 'org.springframework.core.io.Resource[]' for property 'mapperLocations'; nested exception is java.lang.IllegalArgumentException: Could not resolve resource location pattern [classpath:com/cn/hnust/mapping/*.xml]: class path resource [com/cn/hnust/mapping/] cannot be resolved to URL because it does not exist
	at org.springframework.beans.factory.support.AbstractAutowireCapableBeanFactory.doCreateBean(AbstractAutowireCapableBeanFactory.java:547)
	at org.springframework.beans.factory.support.AbstractAutowireCapableBeanFactory.createBean(AbstractAutowireCapableBeanFactory.java:475)
	at org.springframework.beans.factory.support.AbstractBeanFactory$1.getObject(AbstractBeanFactory.java:304)
	at org.springframework.beans.factory.support.DefaultSingletonBeanRegistry.getSingleton(DefaultSingletonBeanRegistry.java:228)
	at org.springframework.beans.factory.support.AbstractBeanFactory.doGetBean(AbstractBeanFactory.java:300)
	at org.springframework.beans.factory.support.AbstractBeanFactory.getBean(AbstractBeanFactory.java:195)
	at org.springframework.beans.factory.support.DefaultListableBeanFactory.preInstantiateSingletons(DefaultListableBeanFactory.java:681)
	at org.springframework.context.support.AbstractApplicationContext.finishBeanFactoryInitialization(AbstractApplicationContext.java:760)
	at org.springframework.context.support.AbstractApplicationContext.refresh(AbstractApplicationContext.java:482)
	at org.springframework.test.context.support.AbstractGenericContextLoader.loadContext(AbstractGenericContextLoader.java:121)
	at org.springframework.test.context.support.AbstractGenericContextLoader.loadContext(AbstractGenericContextLoader.java:60)
	at org.springframework.test.context.support.AbstractDelegatingSmartContextLoader.delegateLoading(AbstractDelegatingSmartContextLoader.java:100)
	at org.springframework.test.context.support.AbstractDelegatingSmartContextLoader.loadContext(AbstractDelegatingSmartContextLoader.java:250)
	at org.springframework.test.context.CacheAwareContextLoaderDelegate.loadContextInternal(CacheAwareContextLoaderDelegate.java:64)
	at org.springframework.test.context.CacheAwareContextLoaderDelegate.loadContext(CacheAwareContextLoaderDelegate.java:91)
	... 31 more
Caused by: org.springframework.beans.TypeMismatchException: Failed to convert property value of type 'java.lang.String' to required type 'org.springframework.core.io.Resource[]' for property 'mapperLocations'; nested exception is java.lang.IllegalArgumentException: Could not resolve resource location pattern [classpath:com/cn/hnust/mapping/*.xml]: class path resource [com/cn/hnust/mapping/] cannot be resolved to URL because it does not exist
	at org.springframework.beans.BeanWrapperImpl.convertIfNecessary(BeanWrapperImpl.java:479)
	at org.springframework.beans.BeanWrapperImpl.convertForProperty(BeanWrapperImpl.java:511)
	at org.springframework.beans.BeanWrapperImpl.convertForProperty(BeanWrapperImpl.java:505)
	at org.springframework.beans.factory.support.AbstractAutowireCapableBeanFactory.convertForProperty(AbstractAutowireCapableBeanFactory.java:1502)
	at org.springframework.beans.factory.support.AbstractAutowireCapableBeanFactory.applyPropertyValues(AbstractAutowireCapableBeanFactory.java:1461)
	at org.springframework.beans.factory.support.AbstractAutowireCapableBeanFactory.populateBean(AbstractAutowireCapableBeanFactory.java:1197)
	at org.springframework.beans.factory.support.AbstractAutowireCapableBeanFactory.doCreateBean(AbstractAutowireCapableBeanFactory.java:537)
	... 45 more
Caused by: java.lang.IllegalArgumentException: Could not resolve resource location pattern [classpath:com/cn/hnust/mapping/*.xml]: class path resource [com/cn/hnust/mapping/] cannot be resolved to URL because it does not exist
	at org.springframework.core.io.support.ResourceArrayPropertyEditor.setAsText(ResourceArrayPropertyEditor.java:140)
	at org.springframework.beans.TypeConverterDelegate.doConvertTextValue(TypeConverterDelegate.java:430)
	at org.springframework.beans.TypeConverterDelegate.doConvertValue(TypeConverterDelegate.java:403)
	at org.springframework.beans.TypeConverterDelegate.convertIfNecessary(TypeConverterDelegate.java:181)
	at org.springframework.beans.BeanWrapperImpl.convertIfNecessary(BeanWrapperImpl.java:459)
	... 51 more
[INFO] [2016-05-07 18:08:35][org.springframework.beans.factory.xml.XmlBeanDefinitionReader]Loading XML bean definitions from class path resource [spring-mybatis.xml]
[INFO] [2016-05-07 18:08:35][org.springframework.context.support.GenericApplicationContext]Refreshing org.springframework.context.support.GenericApplicationContext@1d057a39: startup date [Sat May 07 18:08:35 CST 2016]; root of context hierarchy
[INFO] [2016-05-07 18:08:35][org.springframework.beans.factory.config.PropertyPlaceholderConfigurer]Loading properties file from class path resource [jdbc.properties]
[INFO] [2016-05-07 18:08:35][org.springframework.beans.factory.annotation.AutowiredAnnotationBeanPostProcessor]JSR-330 'javax.inject.Inject' annotation found and supported for autowiring
[INFO] [2016-05-07 18:08:36][org.springframework.context.support.GenericApplicationContext]Closing org.springframework.context.support.GenericApplicationContext@1d057a39: startup date [Sat May 07 18:08:35 CST 2016]; root of context hierarchy
[INFO] [2016-05-07 23:34:08][org.springframework.beans.factory.xml.XmlBeanDefinitionReader]Loading XML bean definitions from class path resource [spring-mybatis.xml]
[INFO] [2016-05-07 23:34:08][org.springframework.context.support.GenericApplicationContext]Refreshing org.springframework.context.support.GenericApplicationContext@1d057a39: startup date [Sat May 07 23:34:08 CST 2016]; root of context hierarchy
[INFO] [2016-05-07 23:34:08][org.springframework.beans.factory.config.PropertyPlaceholderConfigurer]Loading properties file from class path resource [jdbc.properties]
[INFO] [2016-05-07 23:34:08][org.springframework.beans.factory.annotation.AutowiredAnnotationBeanPostProcessor]JSR-330 'javax.inject.Inject' annotation found and supported for autowiring
[INFO] [2016-05-07 23:34:09][org.springframework.web.servlet.mvc.method.annotation.RequestMappingHandlerMapping]Mapped "{[/user/showUser],methods=[],params=[],headers=[],consumes=[],produces=[],custom=[]}" onto public java.lang.String com.cuit.mvnssm.controller.UserController.toIndex(javax.servlet.http.HttpServletRequest,org.springframework.ui.Model)
[INFO] [2016-05-07 23:34:10][com.cuit.mvnssm.TestMyBatis]{"age":12,"id":1,"password":"1234","userName":"wangming"}
[INFO] [2016-05-07 23:34:10][org.springframework.context.support.GenericApplicationContext]Closing org.springframework.context.support.GenericApplicationContext@1d057a39: startup date [Sat May 07 23:34:08 CST 2016]; root of context hierarchy
[INFO] [2016-05-08 13:04:06][org.springframework.web.context.ContextLoader]Root WebApplicationContext: initialization started
[INFO] [2016-05-08 13:04:07][org.springframework.web.context.support.XmlWebApplicationContext]Refreshing Root WebApplicationContext: startup date [Sun May 08 13:04:07 CST 2016]; root of context hierarchy
[INFO] [2016-05-08 13:04:07][org.springframework.beans.factory.xml.XmlBeanDefinitionReader]Loading XML bean definitions from class path resource [spring-mybatis.xml]
[INFO] [2016-05-08 13:04:08][org.springframework.beans.factory.config.PropertyPlaceholderConfigurer]Loading properties file from class path resource [jdbc.properties]
[INFO] [2016-05-08 13:04:08][org.springframework.beans.factory.annotation.AutowiredAnnotationBeanPostProcessor]JSR-330 'javax.inject.Inject' annotation found and supported for autowiring
[INFO] [2016-05-08 13:04:10][org.springframework.web.servlet.mvc.method.annotation.RequestMappingHandlerMapping]Mapped "{[/student/showStudent],methods=[],params=[],headers=[],consumes=[],produces=[],custom=[]}" onto public java.lang.String com.cuit.mvnssm.controller.StudentController.toIndex(javax.servlet.http.HttpServletRequest,org.springframework.ui.Model)
[INFO] [2016-05-08 13:04:10][org.springframework.web.servlet.mvc.method.annotation.RequestMappingHandlerMapping]Mapped "{[/user/showUser],methods=[],params=[],headers=[],consumes=[],produces=[],custom=[]}" onto public java.lang.String com.cuit.mvnssm.controller.UserController.toIndex(javax.servlet.http.HttpServletRequest,org.springframework.ui.Model)
[INFO] [2016-05-08 13:04:11][org.springframework.web.context.ContextLoader]Root WebApplicationContext: initialization completed in 4519 ms
[INFO] [2016-05-08 13:04:11][org.springframework.web.servlet.DispatcherServlet]FrameworkServlet 'SpringMVC': initialization started
[INFO] [2016-05-08 13:04:11][org.springframework.web.context.support.XmlWebApplicationContext]Refreshing WebApplicationContext for namespace 'SpringMVC-servlet': startup date [Sun May 08 13:04:11 CST 2016]; parent: Root WebApplicationContext
[INFO] [2016-05-08 13:04:11][org.springframework.beans.factory.xml.XmlBeanDefinitionReader]Loading XML bean definitions from class path resource [spring-mvc.xml]
[INFO] [2016-05-08 13:04:11][org.springframework.beans.factory.annotation.AutowiredAnnotationBeanPostProcessor]JSR-330 'javax.inject.Inject' annotation found and supported for autowiring
[INFO] [2016-05-08 13:04:11][org.springframework.web.servlet.handler.SimpleUrlHandlerMapping]Mapped URL path [/js/**] onto handler 'org.springframework.web.servlet.resource.ResourceHttpRequestHandler#0'
[INFO] [2016-05-08 13:04:11][org.springframework.web.servlet.handler.SimpleUrlHandlerMapping]Mapped URL path [/css/**] onto handler 'org.springframework.web.servlet.resource.ResourceHttpRequestHandler#1'
[INFO] [2016-05-08 13:04:11][org.springframework.web.servlet.handler.SimpleUrlHandlerMapping]Mapped URL path [/images/**] onto handler 'org.springframework.web.servlet.resource.ResourceHttpRequestHandler#2'
[INFO] [2016-05-08 13:04:11][org.springframework.web.servlet.handler.SimpleUrlHandlerMapping]Mapped URL path [/jsp/**] onto handler 'org.springframework.web.servlet.resource.ResourceHttpRequestHandler#3'
[INFO] [2016-05-08 13:04:11][org.springframework.web.servlet.DispatcherServlet]FrameworkServlet 'SpringMVC': initialization completed in 441 ms
[INFO] [2016-05-08 13:14:20][org.springframework.web.context.ContextLoader]Root WebApplicationContext: initialization started
[INFO] [2016-05-08 13:14:21][org.springframework.web.context.support.XmlWebApplicationContext]Refreshing Root WebApplicationContext: startup date [Sun May 08 13:14:21 CST 2016]; root of context hierarchy
[INFO] [2016-05-08 13:14:21][org.springframework.beans.factory.xml.XmlBeanDefinitionReader]Loading XML bean definitions from class path resource [spring-mybatis.xml]
[INFO] [2016-05-08 13:14:22][org.springframework.beans.factory.config.PropertyPlaceholderConfigurer]Loading properties file from class path resource [jdbc.properties]
[INFO] [2016-05-08 13:14:22][org.springframework.beans.factory.annotation.AutowiredAnnotationBeanPostProcessor]JSR-330 'javax.inject.Inject' annotation found and supported for autowiring
[INFO] [2016-05-08 13:14:23][org.springframework.web.servlet.mvc.method.annotation.RequestMappingHandlerMapping]Mapped "{[/student/showStudent],methods=[],params=[],headers=[],consumes=[],produces=[],custom=[]}" onto public java.lang.String com.cuit.mvnssm.controller.StudentController.toIndex(javax.servlet.http.HttpServletRequest,org.springframework.ui.Model)
[INFO] [2016-05-08 13:14:23][org.springframework.web.servlet.mvc.method.annotation.RequestMappingHandlerMapping]Mapped "{[/user/showUser],methods=[],params=[],headers=[],consumes=[],produces=[],custom=[]}" onto public java.lang.String com.cuit.mvnssm.controller.UserController.toIndex(javax.servlet.http.HttpServletRequest,org.springframework.ui.Model)
[INFO] [2016-05-08 13:14:24][org.springframework.web.context.ContextLoader]Root WebApplicationContext: initialization completed in 3343 ms
[INFO] [2016-05-08 13:14:24][org.springframework.web.servlet.DispatcherServlet]FrameworkServlet 'SpringMVC': initialization started
[INFO] [2016-05-08 13:14:24][org.springframework.web.context.support.XmlWebApplicationContext]Refreshing WebApplicationContext for namespace 'SpringMVC-servlet': startup date [Sun May 08 13:14:24 CST 2016]; parent: Root WebApplicationContext
[INFO] [2016-05-08 13:14:24][org.springframework.beans.factory.xml.XmlBeanDefinitionReader]Loading XML bean definitions from class path resource [spring-mvc.xml]
[INFO] [2016-05-08 13:14:24][org.springframework.beans.factory.annotation.AutowiredAnnotationBeanPostProcessor]JSR-330 'javax.inject.Inject' annotation found and supported for autowiring
[INFO] [2016-05-08 13:14:24][org.springframework.web.servlet.handler.SimpleUrlHandlerMapping]Mapped URL path [/js/**] onto handler 'org.springframework.web.servlet.resource.ResourceHttpRequestHandler#0'
[INFO] [2016-05-08 13:14:24][org.springframework.web.servlet.handler.SimpleUrlHandlerMapping]Mapped URL path [/css/**] onto handler 'org.springframework.web.servlet.resource.ResourceHttpRequestHandler#1'
[INFO] [2016-05-08 13:14:24][org.springframework.web.servlet.handler.SimpleUrlHandlerMapping]Mapped URL path [/images/**] onto handler 'org.springframework.web.servlet.resource.ResourceHttpRequestHandler#2'
[INFO] [2016-05-08 13:14:24][org.springframework.web.servlet.handler.SimpleUrlHandlerMapping]Mapped URL path [/jsp/**] onto handler 'org.springframework.web.servlet.resource.ResourceHttpRequestHandler#3'
[INFO] [2016-05-08 13:14:24][org.springframework.web.servlet.DispatcherServlet]FrameworkServlet 'SpringMVC': initialization completed in 480 ms
[INFO] [2016-05-13 13:01:26][org.springframework.beans.factory.xml.XmlBeanDefinitionReader]Loading XML bean definitions from class path resource [spring-mybatis.xml]
[INFO] [2016-05-13 13:01:26][org.springframework.context.support.GenericApplicationContext]Refreshing org.springframework.context.support.GenericApplicationContext@5cef8a56: startup date [Fri May 13 13:01:26 CST 2016]; root of context hierarchy
[INFO] [2016-05-13 13:01:27][org.springframework.beans.factory.config.PropertyPlaceholderConfigurer]Loading properties file from class path resource [jdbc.properties]
[INFO] [2016-05-13 13:01:27][org.springframework.beans.factory.annotation.AutowiredAnnotationBeanPostProcessor]JSR-330 'javax.inject.Inject' annotation found and supported for autowiring
[INFO] [2016-05-13 13:01:27][org.springframework.web.servlet.mvc.method.annotation.RequestMappingHandlerMapping]Mapped "{[/user/showUser],methods=[],params=[],headers=[],consumes=[],produces=[],custom=[]}" onto public java.lang.String com.cuit.mvnssm.controller.UserController.toIndex(javax.servlet.http.HttpServletRequest,org.springframework.ui.Model)
[INFO] [2016-05-13 13:01:27][org.springframework.web.servlet.mvc.method.annotation.RequestMappingHandlerMapping]Mapped "{[/student/showStudent],methods=[],params=[],headers=[],consumes=[],produces=[],custom=[]}" onto public java.lang.String com.cuit.mvnssm.controller.StudentController.toIndex(javax.servlet.http.HttpServletRequest,org.springframework.ui.Model)
[INFO] [2016-05-13 13:01:27][org.springframework.beans.factory.xml.XmlBeanDefinitionReader]Loading XML bean definitions from class path resource [org/springframework/jdbc/support/sql-error-codes.xml]
[INFO] [2016-05-13 13:01:27][org.springframework.jdbc.support.SQLErrorCodesFactory]SQLErrorCodes loaded: [DB2, Derby, H2, HSQL, Informix, MS-SQL, MySQL, Oracle, PostgreSQL, Sybase]
[INFO] [2016-05-13 13:01:27][org.springframework.context.support.GenericApplicationContext]Closing org.springframework.context.support.GenericApplicationContext@5cef8a56: startup date [Fri May 13 13:01:26 CST 2016]; root of context hierarchy
[INFO] [2016-05-13 13:05:24][org.springframework.beans.factory.xml.XmlBeanDefinitionReader]Loading XML bean definitions from class path resource [spring-mybatis.xml]
[INFO] [2016-05-13 13:05:24][org.springframework.context.support.GenericApplicationContext]Refreshing org.springframework.context.support.GenericApplicationContext@5cef8a56: startup date [Fri May 13 13:05:24 CST 2016]; root of context hierarchy
[INFO] [2016-05-13 13:05:25][org.springframework.beans.factory.config.PropertyPlaceholderConfigurer]Loading properties file from class path resource [jdbc.properties]
[INFO] [2016-05-13 13:05:25][org.springframework.beans.factory.annotation.AutowiredAnnotationBeanPostProcessor]JSR-330 'javax.inject.Inject' annotation found and supported for autowiring
[INFO] [2016-05-13 13:05:25][org.springframework.web.servlet.mvc.method.annotation.RequestMappingHandlerMapping]Mapped "{[/user/showUser],methods=[],params=[],headers=[],consumes=[],produces=[],custom=[]}" onto public java.lang.String com.cuit.mvnssm.controller.UserController.toIndex(javax.servlet.http.HttpServletRequest,org.springframework.ui.Model)
[INFO] [2016-05-13 13:05:25][org.springframework.web.servlet.mvc.method.annotation.RequestMappingHandlerMapping]Mapped "{[/student/showStudent],methods=[],params=[],headers=[],consumes=[],produces=[],custom=[]}" onto public java.lang.String com.cuit.mvnssm.controller.StudentController.toIndex(javax.servlet.http.HttpServletRequest,org.springframework.ui.Model)
[INFO] [2016-05-13 13:05:25][com.cuit.mvnssm.TestMyBatis]null
[INFO] [2016-05-13 13:05:25][org.springframework.context.support.GenericApplicationContext]Closing org.springframework.context.support.GenericApplicationContext@5cef8a56: startup date [Fri May 13 13:05:24 CST 2016]; root of context hierarchy
[INFO] [2016-05-13 13:07:27][org.springframework.beans.factory.xml.XmlBeanDefinitionReader]Loading XML bean definitions from class path resource [spring-mybatis.xml]
[INFO] [2016-05-13 13:07:28][org.springframework.context.support.GenericApplicationContext]Refreshing org.springframework.context.support.GenericApplicationContext@5cef8a56: startup date [Fri May 13 13:07:28 CST 2016]; root of context hierarchy
[INFO] [2016-05-13 13:07:28][org.springframework.beans.factory.config.PropertyPlaceholderConfigurer]Loading properties file from class path resource [jdbc.properties]
[INFO] [2016-05-13 13:07:28][org.springframework.beans.factory.annotation.AutowiredAnnotationBeanPostProcessor]JSR-330 'javax.inject.Inject' annotation found and supported for autowiring
[INFO] [2016-05-13 13:07:28][org.springframework.web.servlet.mvc.method.annotation.RequestMappingHandlerMapping]Mapped "{[/user/showUser],methods=[],params=[],headers=[],consumes=[],produces=[],custom=[]}" onto public java.lang.String com.cuit.mvnssm.controller.UserController.toIndex(javax.servlet.http.HttpServletRequest,org.springframework.ui.Model)
[INFO] [2016-05-13 13:07:28][org.springframework.web.servlet.mvc.method.annotation.RequestMappingHandlerMapping]Mapped "{[/student/showStudent],methods=[],params=[],headers=[],consumes=[],produces=[],custom=[]}" onto public java.lang.String com.cuit.mvnssm.controller.StudentController.toIndex(javax.servlet.http.HttpServletRequest,org.springframework.ui.Model)
[INFO] [2016-05-13 13:07:28][com.cuit.mvnssm.TestMyBatis]null
[INFO] [2016-05-13 13:07:28][org.springframework.context.support.GenericApplicationContext]Closing org.springframework.context.support.GenericApplicationContext@5cef8a56: startup date [Fri May 13 13:07:28 CST 2016]; root of context hierarchy
[INFO] [2016-05-13 13:09:58][org.springframework.beans.factory.xml.XmlBeanDefinitionReader]Loading XML bean definitions from class path resource [spring-mybatis.xml]
[INFO] [2016-05-13 13:09:58][org.springframework.context.support.GenericApplicationContext]Refreshing org.springframework.context.support.GenericApplicationContext@726343c4: startup date [Fri May 13 13:09:58 CST 2016]; root of context hierarchy
[INFO] [2016-05-13 13:09:58][org.springframework.beans.factory.config.PropertyPlaceholderConfigurer]Loading properties file from class path resource [jdbc.properties]
[INFO] [2016-05-13 13:09:58][org.springframework.beans.factory.annotation.AutowiredAnnotationBeanPostProcessor]JSR-330 'javax.inject.Inject' annotation found and supported for autowiring
[INFO] [2016-05-13 13:09:58][org.springframework.web.servlet.mvc.method.annotation.RequestMappingHandlerMapping]Mapped "{[/user/showUser],methods=[],params=[],headers=[],consumes=[],produces=[],custom=[]}" onto public java.lang.String com.cuit.mvnssm.controller.UserController.toIndex(javax.servlet.http.HttpServletRequest,org.springframework.ui.Model)
[INFO] [2016-05-13 13:09:58][org.springframework.web.servlet.mvc.method.annotation.RequestMappingHandlerMapping]Mapped "{[/student/showStudent],methods=[],params=[],headers=[],consumes=[],produces=[],custom=[]}" onto public java.lang.String com.cuit.mvnssm.controller.StudentController.toIndex(javax.servlet.http.HttpServletRequest,org.springframework.ui.Model)
[INFO] [2016-05-13 13:09:58][com.cuit.mvnssm.TestMyBatis]null
[INFO] [2016-05-13 13:09:58][org.springframework.context.support.GenericApplicationContext]Closing org.springframework.context.support.GenericApplicationContext@726343c4: startup date [Fri May 13 13:09:58 CST 2016]; root of context hierarchy
[INFO] [2016-05-13 14:10:25][org.springframework.beans.factory.xml.XmlBeanDefinitionReader]Loading XML bean definitions from class path resource [spring-mybatis.xml]
[INFO] [2016-05-13 14:10:25][org.springframework.context.support.GenericApplicationContext]Refreshing org.springframework.context.support.GenericApplicationContext@726343c4: startup date [Fri May 13 14:10:25 CST 2016]; root of context hierarchy
[INFO] [2016-05-13 14:10:25][org.springframework.beans.factory.config.PropertyPlaceholderConfigurer]Loading properties file from class path resource [jdbc.properties]
[INFO] [2016-05-13 14:10:25][org.springframework.beans.factory.annotation.AutowiredAnnotationBeanPostProcessor]JSR-330 'javax.inject.Inject' annotation found and supported for autowiring
[INFO] [2016-05-13 14:10:25][org.springframework.web.servlet.mvc.method.annotation.RequestMappingHandlerMapping]Mapped "{[/user/showUser],methods=[],params=[],headers=[],consumes=[],produces=[],custom=[]}" onto public java.lang.String com.cuit.mvnssm.controller.UserController.toIndex(javax.servlet.http.HttpServletRequest,org.springframework.ui.Model)
[INFO] [2016-05-13 14:10:25][org.springframework.web.servlet.mvc.method.annotation.RequestMappingHandlerMapping]Mapped "{[/student/showStudent],methods=[],params=[],headers=[],consumes=[],produces=[],custom=[]}" onto public java.lang.String com.cuit.mvnssm.controller.StudentController.toIndex(javax.servlet.http.HttpServletRequest,org.springframework.ui.Model)
[INFO] [2016-05-13 14:10:25][org.springframework.web.servlet.mvc.method.annotation.RequestMappingHandlerMapping]Mapped "{[/upload],methods=[POST],params=[],headers=[],consumes=[],produces=[],custom=[]}" onto public java.lang.String com.cuit.mvnssm.controller.FileUploadController.upload(org.springframework.web.multipart.MultipartFile,javax.servlet.http.HttpServletRequest,org.springframework.ui.Model)
[INFO] [2016-05-13 14:10:26][com.cuit.mvnssm.TestMyBatis]null
[INFO] [2016-05-13 14:10:26][org.springframework.context.support.GenericApplicationContext]Closing org.springframework.context.support.GenericApplicationContext@726343c4: startup date [Fri May 13 14:10:25 CST 2016]; root of context hierarchy
[INFO] [2016-05-13 14:17:48][org.springframework.beans.factory.xml.XmlBeanDefinitionReader]Loading XML bean definitions from class path resource [spring-mybatis.xml]
[INFO] [2016-05-13 14:17:48][org.springframework.context.support.GenericApplicationContext]Refreshing org.springframework.context.support.GenericApplicationContext@726343c4: startup date [Fri May 13 14:17:48 CST 2016]; root of context hierarchy
[INFO] [2016-05-13 14:17:48][org.springframework.beans.factory.config.PropertyPlaceholderConfigurer]Loading properties file from class path resource [jdbc.properties]
[INFO] [2016-05-13 14:17:48][org.springframework.beans.factory.annotation.AutowiredAnnotationBeanPostProcessor]JSR-330 'javax.inject.Inject' annotation found and supported for autowiring
[INFO] [2016-05-13 14:17:49][org.springframework.web.servlet.mvc.method.annotation.RequestMappingHandlerMapping]Mapped "{[/user/showUser],methods=[],params=[],headers=[],consumes=[],produces=[],custom=[]}" onto public java.lang.String com.cuit.mvnssm.controller.UserController.toIndex(javax.servlet.http.HttpServletRequest,org.springframework.ui.Model)
[INFO] [2016-05-13 14:17:49][org.springframework.web.servlet.mvc.method.annotation.RequestMappingHandlerMapping]Mapped "{[/student/showStudent],methods=[],params=[],headers=[],consumes=[],produces=[],custom=[]}" onto public java.lang.String com.cuit.mvnssm.controller.StudentController.toIndex(javax.servlet.http.HttpServletRequest,org.springframework.ui.Model)
[INFO] [2016-05-13 14:17:49][org.springframework.web.servlet.mvc.method.annotation.RequestMappingHandlerMapping]Mapped "{[/upload],methods=[],params=[],headers=[],consumes=[],produces=[],custom=[]}" onto public java.lang.String com.cuit.mvnssm.controller.FileUploadController.upload(org.springframework.web.multipart.MultipartFile,javax.servlet.http.HttpServletRequest,org.springframework.ui.Model)
[INFO] [2016-05-13 14:17:49][com.cuit.mvnssm.TestMyBatis]null
[INFO] [2016-05-13 14:17:49][org.springframework.context.support.GenericApplicationContext]Closing org.springframework.context.support.GenericApplicationContext@726343c4: startup date [Fri May 13 14:17:48 CST 2016]; root of context hierarchy
[INFO] [2016-05-13 14:24:15][org.springframework.beans.factory.xml.XmlBeanDefinitionReader]Loading XML bean definitions from class path resource [spring-mybatis.xml]
[INFO] [2016-05-13 14:24:15][org.springframework.context.support.GenericApplicationContext]Refreshing org.springframework.context.support.GenericApplicationContext@726343c4: startup date [Fri May 13 14:24:15 CST 2016]; root of context hierarchy
[INFO] [2016-05-13 14:24:15][org.springframework.beans.factory.config.PropertyPlaceholderConfigurer]Loading properties file from class path resource [jdbc.properties]
[INFO] [2016-05-13 14:24:15][org.springframework.beans.factory.annotation.AutowiredAnnotationBeanPostProcessor]JSR-330 'javax.inject.Inject' annotation found and supported for autowiring
[INFO] [2016-05-13 14:24:16][org.springframework.web.servlet.mvc.method.annotation.RequestMappingHandlerMapping]Mapped "{[/user/showUser],methods=[],params=[],headers=[],consumes=[],produces=[],custom=[]}" onto public java.lang.String com.cuit.mvnssm.controller.UserController.toIndex(javax.servlet.http.HttpServletRequest,org.springframework.ui.Model)
[INFO] [2016-05-13 14:24:16][org.springframework.web.servlet.mvc.method.annotation.RequestMappingHandlerMapping]Mapped "{[/student/showStudent],methods=[],params=[],headers=[],consumes=[],produces=[],custom=[]}" onto public java.lang.String com.cuit.mvnssm.controller.StudentController.toIndex(javax.servlet.http.HttpServletRequest,org.springframework.ui.Model)
[INFO] [2016-05-13 14:24:16][org.springframework.web.servlet.mvc.method.annotation.RequestMappingHandlerMapping]Mapped "{[/upload],methods=[],params=[],headers=[],consumes=[],produces=[],custom=[]}" onto public java.lang.String com.cuit.mvnssm.controller.FileUploadController.upload(org.springframework.web.multipart.MultipartFile,javax.servlet.http.HttpServletRequest,org.springframework.ui.Model)
[INFO] [2016-05-13 14:24:16][com.cuit.mvnssm.TestMyBatis]null
[INFO] [2016-05-13 14:24:16][org.springframework.context.support.GenericApplicationContext]Closing org.springframework.context.support.GenericApplicationContext@726343c4: startup date [Fri May 13 14:24:15 CST 2016]; root of context hierarchy
[INFO] [2016-05-13 14:34:13][org.springframework.beans.factory.xml.XmlBeanDefinitionReader]Loading XML bean definitions from class path resource [spring-mybatis.xml]
[INFO] [2016-05-13 14:34:13][org.springframework.context.support.GenericApplicationContext]Refreshing org.springframework.context.support.GenericApplicationContext@5cef8a56: startup date [Fri May 13 14:34:13 CST 2016]; root of context hierarchy
[INFO] [2016-05-13 14:34:13][org.springframework.beans.factory.config.PropertyPlaceholderConfigurer]Loading properties file from class path resource [jdbc.properties]
[INFO] [2016-05-13 14:34:13][org.springframework.beans.factory.annotation.AutowiredAnnotationBeanPostProcessor]JSR-330 'javax.inject.Inject' annotation found and supported for autowiring
[INFO] [2016-05-13 14:34:14][org.springframework.web.servlet.mvc.method.annotation.RequestMappingHandlerMapping]Mapped "{[/user/showUser],methods=[],params=[],headers=[],consumes=[],produces=[],custom=[]}" onto public java.lang.String com.cuit.mvnssm.controller.UserController.toIndex(javax.servlet.http.HttpServletRequest,org.springframework.ui.Model)
[INFO] [2016-05-13 14:34:14][org.springframework.web.servlet.mvc.method.annotation.RequestMappingHandlerMapping]Mapped "{[/student/showStudent],methods=[],params=[],headers=[],consumes=[],produces=[],custom=[]}" onto public java.lang.String com.cuit.mvnssm.controller.StudentController.toIndex(javax.servlet.http.HttpServletRequest,org.springframework.ui.Model)
[INFO] [2016-05-13 14:34:14][org.springframework.web.servlet.mvc.method.annotation.RequestMappingHandlerMapping]Mapped "{[/upload],methods=[],params=[],headers=[],consumes=[],produces=[],custom=[]}" onto public java.lang.String com.cuit.mvnssm.controller.FileUploadController.upload(org.springframework.web.multipart.MultipartFile,javax.servlet.http.HttpServletRequest,org.springframework.ui.Model)
[INFO] [2016-05-13 14:34:14][com.cuit.mvnssm.TestMyBatis]null
[INFO] [2016-05-13 14:34:14][org.springframework.context.support.GenericApplicationContext]Closing org.springframework.context.support.GenericApplicationContext@5cef8a56: startup date [Fri May 13 14:34:13 CST 2016]; root of context hierarchy
[INFO] [2016-05-13 14:42:54][org.springframework.beans.factory.xml.XmlBeanDefinitionReader]Loading XML bean definitions from class path resource [spring-mybatis.xml]
[INFO] [2016-05-13 14:42:55][org.springframework.context.support.GenericApplicationContext]Refreshing org.springframework.context.support.GenericApplicationContext@5cef8a56: startup date [Fri May 13 14:42:55 CST 2016]; root of context hierarchy
[INFO] [2016-05-13 14:42:55][org.springframework.beans.factory.config.PropertyPlaceholderConfigurer]Loading properties file from class path resource [jdbc.properties]
[INFO] [2016-05-13 14:42:55][org.springframework.beans.factory.annotation.AutowiredAnnotationBeanPostProcessor]JSR-330 'javax.inject.Inject' annotation found and supported for autowiring
[INFO] [2016-05-13 14:42:55][org.springframework.web.servlet.mvc.method.annotation.RequestMappingHandlerMapping]Mapped "{[/user/showUser],methods=[],params=[],headers=[],consumes=[],produces=[],custom=[]}" onto public java.lang.String com.cuit.mvnssm.controller.UserController.toIndex(javax.servlet.http.HttpServletRequest,org.springframework.ui.Model)
[INFO] [2016-05-13 14:42:55][org.springframework.web.servlet.mvc.method.annotation.RequestMappingHandlerMapping]Mapped "{[/student/showStudent],methods=[],params=[],headers=[],consumes=[],produces=[],custom=[]}" onto public java.lang.String com.cuit.mvnssm.controller.StudentController.toIndex(javax.servlet.http.HttpServletRequest,org.springframework.ui.Model)
[INFO] [2016-05-13 14:42:55][org.springframework.web.servlet.mvc.method.annotation.RequestMappingHandlerMapping]Mapped "{[/upload],methods=[],params=[],headers=[],consumes=[],produces=[],custom=[]}" onto public java.lang.String com.cuit.mvnssm.controller.FileUploadController.upload(org.springframework.web.multipart.MultipartFile,javax.servlet.http.HttpServletRequest,org.springframework.ui.Model)
[INFO] [2016-05-13 14:42:55][com.cuit.mvnssm.TestMyBatis]null
[INFO] [2016-05-13 14:42:55][org.springframework.context.support.GenericApplicationContext]Closing org.springframework.context.support.GenericApplicationContext@5cef8a56: startup date [Fri May 13 14:42:55 CST 2016]; root of context hierarchy
[INFO] [2016-05-13 14:47:52][org.springframework.beans.factory.xml.XmlBeanDefinitionReader]Loading XML bean definitions from class path resource [spring-mybatis.xml]
[INFO] [2016-05-13 14:47:52][org.springframework.context.support.GenericApplicationContext]Refreshing org.springframework.context.support.GenericApplicationContext@726343c4: startup date [Fri May 13 14:47:52 CST 2016]; root of context hierarchy
[INFO] [2016-05-13 14:47:52][org.springframework.beans.factory.config.PropertyPlaceholderConfigurer]Loading properties file from class path resource [jdbc.properties]
[INFO] [2016-05-13 14:47:52][org.springframework.beans.factory.annotation.AutowiredAnnotationBeanPostProcessor]JSR-330 'javax.inject.Inject' annotation found and supported for autowiring
[INFO] [2016-05-13 14:47:52][org.springframework.web.servlet.mvc.method.annotation.RequestMappingHandlerMapping]Mapped "{[/user/showUser],methods=[],params=[],headers=[],consumes=[],produces=[],custom=[]}" onto public java.lang.String com.cuit.mvnssm.controller.UserController.toIndex(javax.servlet.http.HttpServletRequest,org.springframework.ui.Model)
[INFO] [2016-05-13 14:47:52][org.springframework.web.servlet.mvc.method.annotation.RequestMappingHandlerMapping]Mapped "{[/student/showStudent],methods=[],params=[],headers=[],consumes=[],produces=[],custom=[]}" onto public java.lang.String com.cuit.mvnssm.controller.StudentController.toIndex(javax.servlet.http.HttpServletRequest,org.springframework.ui.Model)
[INFO] [2016-05-13 14:47:52][org.springframework.web.servlet.mvc.method.annotation.RequestMappingHandlerMapping]Mapped "{[/upload],methods=[],params=[],headers=[],consumes=[],produces=[],custom=[]}" onto public java.lang.String com.cuit.mvnssm.controller.FileUploadController.upload(org.springframework.web.multipart.MultipartFile,javax.servlet.http.HttpServletRequest,org.springframework.ui.Model)
[INFO] [2016-05-13 14:47:52][org.springframework.web.servlet.mvc.method.annotation.RequestMappingHandlerMapping]Mapped "{[/index],methods=[],params=[],headers=[],consumes=[],produces=[],custom=[]}" onto public org.springframework.web.servlet.ModelAndView com.cuit.mvnssm.controller.FileUploadController.index()
[INFO] [2016-05-13 14:47:53][com.cuit.mvnssm.TestMyBatis]null
[INFO] [2016-05-13 14:47:53][org.springframework.context.support.GenericApplicationContext]Closing org.springframework.context.support.GenericApplicationContext@726343c4: startup date [Fri May 13 14:47:52 CST 2016]; root of context hierarchy
[INFO] [2016-05-13 14:51:50][org.springframework.beans.factory.xml.XmlBeanDefinitionReader]Loading XML bean definitions from class path resource [spring-mybatis.xml]
[INFO] [2016-05-13 14:51:51][org.springframework.context.support.GenericApplicationContext]Refreshing org.springframework.context.support.GenericApplicationContext@726343c4: startup date [Fri May 13 14:51:51 CST 2016]; root of context hierarchy
[INFO] [2016-05-13 14:51:51][org.springframework.beans.factory.config.PropertyPlaceholderConfigurer]Loading properties file from class path resource [jdbc.properties]
[INFO] [2016-05-13 14:51:51][org.springframework.beans.factory.annotation.AutowiredAnnotationBeanPostProcessor]JSR-330 'javax.inject.Inject' annotation found and supported for autowiring
[INFO] [2016-05-13 14:51:51][org.springframework.web.servlet.mvc.method.annotation.RequestMappingHandlerMapping]Mapped "{[/user/showUser],methods=[],params=[],headers=[],consumes=[],produces=[],custom=[]}" onto public java.lang.String com.cuit.mvnssm.controller.UserController.toIndex(javax.servlet.http.HttpServletRequest,org.springframework.ui.Model)
[INFO] [2016-05-13 14:51:51][org.springframework.web.servlet.mvc.method.annotation.RequestMappingHandlerMapping]Mapped "{[/student/showStudent],methods=[],params=[],headers=[],consumes=[],produces=[],custom=[]}" onto public java.lang.String com.cuit.mvnssm.controller.StudentController.toIndex(javax.servlet.http.HttpServletRequest,org.springframework.ui.Model)
[INFO] [2016-05-13 14:51:51][org.springframework.web.servlet.mvc.method.annotation.RequestMappingHandlerMapping]Mapped "{[/upload],methods=[],params=[],headers=[],consumes=[],produces=[],custom=[]}" onto public java.lang.String com.cuit.mvnssm.controller.FileUploadController.upload(org.springframework.web.multipart.MultipartFile,javax.servlet.http.HttpServletRequest,org.springframework.ui.Model)
[INFO] [2016-05-13 14:51:51][org.springframework.web.servlet.mvc.method.annotation.RequestMappingHandlerMapping]Mapped "{[/index],methods=[],params=[],headers=[],consumes=[],produces=[],custom=[]}" onto public org.springframework.web.servlet.ModelAndView com.cuit.mvnssm.controller.FileUploadController.index()
[INFO] [2016-05-13 14:51:51][com.cuit.mvnssm.TestMyBatis]null
[INFO] [2016-05-13 14:51:51][org.springframework.context.support.GenericApplicationContext]Closing org.springframework.context.support.GenericApplicationContext@726343c4: startup date [Fri May 13 14:51:51 CST 2016]; root of context hierarchy
